🩺 The doctor is checking the health of your Storybook..
╭ Incompatible packages found ─────────────────────────────────────────────────╮
│                                                                              │
│   The following packages are incompatible with Storybook 8.6.18 as they      │
│   depend on different major versions of Storybook packages:                  │
│   - @storybook/addon-essentials@8.6.14 (8.6.18 available!)                   │
│   Repo: https://github.com/storybookjs/storybook/tree/next/code/addons/ess   │
│   entials                                                                    │
│   - @storybook/addon-interactions@8.6.14 (8.6.18 available!)                 │
│   Repo: https://github.com/storybookjs/storybook/tree/next/code/addons/int   │
│   eractions                                                                  │
│                                                                              │
│                                                                              │
│   Please consider updating your packages or contacting the maintainers for   │
│   compatibility details.                                                     │
│   For more on Storybook 8 compatibility, see the linked GitHub issue:        │
│   https://github.com/storybookjs/storybook/issues/26031                      │
│                                                                              │
╰──────────────────────────────────────────────────────────────────────────────╯

You can always recheck the health of your project by running:
npx storybook doctor

Full logs are available in /Users/phamthanh/Desktop/full-stack/bmad/nextjs_template_3/doctor-storybook.log

