[     444ms] [ERROR] Failed to load resource: the server responded with a status of 404 (Not Found) @ http://localhost:6006/favicon.svg:0
[    7515ms] [ERROR] The current testing environment is not configured to support act(...) @ http://localhost:6006/node_modules/.cache/storybook/1c3385a5d25e538d10b518b310c74d3ca2690b6aaffeadccd74da79736171f86/sb-vite/deps/chunk-ZYIVMBGD.js?v=54f30709:11644
[    7516ms] [ERROR] The current testing environment is not configured to support act(...) @ http://localhost:6006/node_modules/.cache/storybook/1c3385a5d25e538d10b518b310c74d3ca2690b6aaffeadccd74da79736171f86/sb-vite/deps/chunk-ZYIVMBGD.js?v=54f30709:11644
[    7516ms] [ERROR] The current testing environment is not configured to support act(...) @ http://localhost:6006/node_modules/.cache/storybook/1c3385a5d25e538d10b518b310c74d3ca2690b6aaffeadccd74da79736171f86/sb-vite/deps/chunk-ZYIVMBGD.js?v=54f30709:11644
[   14865ms] [ERROR] The current testing environment is not configured to support act(...) @ http://localhost:6006/node_modules/.cache/storybook/1c3385a5d25e538d10b518b310c74d3ca2690b6aaffeadccd74da79736171f86/sb-vite/deps/chunk-ZYIVMBGD.js?v=54f30709:11644
[   14865ms] [ERROR] The current testing environment is not configured to support act(...) @ http://localhost:6006/node_modules/.cache/storybook/1c3385a5d25e538d10b518b310c74d3ca2690b6aaffeadccd74da79736171f86/sb-vite/deps/chunk-ZYIVMBGD.js?v=54f30709:11644
[   14865ms] [ERROR] The current testing environment is not configured to support act(...) @ http://localhost:6006/node_modules/.cache/storybook/1c3385a5d25e538d10b518b310c74d3ca2690b6aaffeadccd74da79736171f86/sb-vite/deps/chunk-ZYIVMBGD.js?v=54f30709:11644
[   14865ms] [ERROR] The current testing environment is not configured to support act(...) @ http://localhost:6006/node_modules/.cache/storybook/1c3385a5d25e538d10b518b310c74d3ca2690b6aaffeadccd74da79736171f86/sb-vite/deps/chunk-ZYIVMBGD.js?v=54f30709:11644
[   19670ms] [ERROR] The current testing environment is not configured to support act(...) @ http://localhost:6006/node_modules/.cache/storybook/1c3385a5d25e538d10b518b310c74d3ca2690b6aaffeadccd74da79736171f86/sb-vite/deps/chunk-ZYIVMBGD.js?v=54f30709:11644
[   19671ms] [ERROR] The current testing environment is not configured to support act(...) @ http://localhost:6006/node_modules/.cache/storybook/1c3385a5d25e538d10b518b310c74d3ca2690b6aaffeadccd74da79736171f86/sb-vite/deps/chunk-ZYIVMBGD.js?v=54f30709:11644
[   19671ms] [ERROR] The current testing environment is not configured to support act(...) @ http://localhost:6006/node_modules/.cache/storybook/1c3385a5d25e538d10b518b310c74d3ca2690b6aaffeadccd74da79736171f86/sb-vite/deps/chunk-ZYIVMBGD.js?v=54f30709:11644
[   19671ms] [ERROR] The current testing environment is not configured to support act(...) @ http://localhost:6006/node_modules/.cache/storybook/1c3385a5d25e538d10b518b310c74d3ca2690b6aaffeadccd74da79736171f86/sb-vite/deps/chunk-ZYIVMBGD.js?v=54f30709:11644
[   31664ms] [ERROR] The current testing environment is not configured to support act(...) @ http://localhost:6006/node_modules/.cache/storybook/1c3385a5d25e538d10b518b310c74d3ca2690b6aaffeadccd74da79736171f86/sb-vite/deps/chunk-ZYIVMBGD.js?v=5ab0d2ef:11644
[   31664ms] [ERROR] The current testing environment is not configured to support act(...) @ http://localhost:6006/node_modules/.cache/storybook/1c3385a5d25e538d10b518b310c74d3ca2690b6aaffeadccd74da79736171f86/sb-vite/deps/chunk-ZYIVMBGD.js?v=5ab0d2ef:11644
[   31665ms] [ERROR] The current testing environment is not configured to support act(...) @ http://localhost:6006/node_modules/.cache/storybook/1c3385a5d25e538d10b518b310c74d3ca2690b6aaffeadccd74da79736171f86/sb-vite/deps/chunk-ZYIVMBGD.js?v=5ab0d2ef:11644
[   31665ms] [ERROR] The current testing environment is not configured to support act(...) @ http://localhost:6006/node_modules/.cache/storybook/1c3385a5d25e538d10b518b310c74d3ca2690b6aaffeadccd74da79736171f86/sb-vite/deps/chunk-ZYIVMBGD.js?v=5ab0d2ef:11644
[   31665ms] [ERROR] The current testing environment is not configured to support act(...) @ http://localhost:6006/node_modules/.cache/storybook/1c3385a5d25e538d10b518b310c74d3ca2690b6aaffeadccd74da79736171f86/sb-vite/deps/chunk-ZYIVMBGD.js?v=5ab0d2ef:11644
[   46193ms] [ERROR] The current testing environment is not configured to support act(...) @ http://localhost:6006/node_modules/.cache/storybook/1c3385a5d25e538d10b518b310c74d3ca2690b6aaffeadccd74da79736171f86/sb-vite/deps/chunk-ZYIVMBGD.js?v=5ab0d2ef:11644
[   46193ms] [ERROR] The current testing environment is not configured to support act(...) @ http://localhost:6006/node_modules/.cache/storybook/1c3385a5d25e538d10b518b310c74d3ca2690b6aaffeadccd74da79736171f86/sb-vite/deps/chunk-ZYIVMBGD.js?v=5ab0d2ef:11644
[   46193ms] [ERROR] The current testing environment is not configured to support act(...) @ http://localhost:6006/node_modules/.cache/storybook/1c3385a5d25e538d10b518b310c74d3ca2690b6aaffeadccd74da79736171f86/sb-vite/deps/chunk-ZYIVMBGD.js?v=5ab0d2ef:11644
[   46193ms] [ERROR] The current testing environment is not configured to support act(...) @ http://localhost:6006/node_modules/.cache/storybook/1c3385a5d25e538d10b518b310c74d3ca2690b6aaffeadccd74da79736171f86/sb-vite/deps/chunk-ZYIVMBGD.js?v=5ab0d2ef:11644
[   59038ms] [ERROR] The current testing environment is not configured to support act(...) @ http://localhost:6006/node_modules/.cache/storybook/1c3385a5d25e538d10b518b310c74d3ca2690b6aaffeadccd74da79736171f86/sb-vite/deps/chunk-ZYIVMBGD.js?v=5ab0d2ef:11644
[   59039ms] [ERROR] The current testing environment is not configured to support act(...) @ http://localhost:6006/node_modules/.cache/storybook/1c3385a5d25e538d10b518b310c74d3ca2690b6aaffeadccd74da79736171f86/sb-vite/deps/chunk-ZYIVMBGD.js?v=5ab0d2ef:11644
[   59039ms] [ERROR] The current testing environment is not configured to support act(...) @ http://localhost:6006/node_modules/.cache/storybook/1c3385a5d25e538d10b518b310c74d3ca2690b6aaffeadccd74da79736171f86/sb-vite/deps/chunk-ZYIVMBGD.js?v=5ab0d2ef:11644
[   59039ms] [ERROR] The current testing environment is not configured to support act(...) @ http://localhost:6006/node_modules/.cache/storybook/1c3385a5d25e538d10b518b310c74d3ca2690b6aaffeadccd74da79736171f86/sb-vite/deps/chunk-ZYIVMBGD.js?v=5ab0d2ef:11644
[  104147ms] [ERROR] The current testing environment is not configured to support act(...) @ http://localhost:6006/node_modules/.cache/storybook/1c3385a5d25e538d10b518b310c74d3ca2690b6aaffeadccd74da79736171f86/sb-vite/deps/chunk-ZYIVMBGD.js?v=5ab0d2ef:11644
[  104147ms] [ERROR] The current testing environment is not configured to support act(...) @ http://localhost:6006/node_modules/.cache/storybook/1c3385a5d25e538d10b518b310c74d3ca2690b6aaffeadccd74da79736171f86/sb-vite/deps/chunk-ZYIVMBGD.js?v=5ab0d2ef:11644
[  104147ms] [ERROR] The current testing environment is not configured to support act(...) @ http://localhost:6006/node_modules/.cache/storybook/1c3385a5d25e538d10b518b310c74d3ca2690b6aaffeadccd74da79736171f86/sb-vite/deps/chunk-ZYIVMBGD.js?v=5ab0d2ef:11644
[  104147ms] [ERROR] The current testing environment is not configured to support act(...) @ http://localhost:6006/node_modules/.cache/storybook/1c3385a5d25e538d10b518b310c74d3ca2690b6aaffeadccd74da79736171f86/sb-vite/deps/chunk-ZYIVMBGD.js?v=5ab0d2ef:11644
[  104147ms] [ERROR] The current testing environment is not configured to support act(...) @ http://localhost:6006/node_modules/.cache/storybook/1c3385a5d25e538d10b518b310c74d3ca2690b6aaffeadccd74da79736171f86/sb-vite/deps/chunk-ZYIVMBGD.js?v=5ab0d2ef:11644
[  104619ms] [ERROR] %c manager %c received %cstoryFinished%c but was unable to determine the source of the event color: #37D5D3; background: black  color: #FF4785  @ http://localhost:6006/sb-manager/globals-runtime.js:6451
[  203164ms] [ERROR] Failed to load resource: the server responded with a status of 404 (Not Found) @ http://localhost:6006/.storybook/preview.tsx?t=1778345693209:0
[  203190ms] [ERROR] Error reading preview.js: @ http://localhost:6006/node_modules/.cache/storybook/1c3385a5d25e538d10b518b310c74d3ca2690b6aaffeadccd74da79736171f86/sb-vite/deps/storybook_internal_preview_runtime.js?v=5ab0d2ef:4636
[  203190ms] [ERROR] TypeError: Failed to fetch dynamically imported module: http://localhost:6006/.storybook/preview.tsx?t=1778345693209 @ http://localhost:6006/node_modules/.cache/storybook/1c3385a5d25e538d10b518b310c74d3ca2690b6aaffeadccd74da79736171f86/sb-vite/deps/storybook_internal_preview_runtime.js?v=5ab0d2ef:4636
[  203292ms] Failed to fetch dynamically imported module: http://localhost:6006/.storybook/preview.tsx?t=1778345693209
[  435173ms] [ERROR] The current testing environment is not configured to support act(...) @ http://localhost:6006/node_modules/.cache/storybook/1c3385a5d25e538d10b518b310c74d3ca2690b6aaffeadccd74da79736171f86/sb-vite/deps/chunk-ZYIVMBGD.js?v=5ab0d2ef:11644
[  435174ms] [ERROR] The current testing environment is not configured to support act(...) @ http://localhost:6006/node_modules/.cache/storybook/1c3385a5d25e538d10b518b310c74d3ca2690b6aaffeadccd74da79736171f86/sb-vite/deps/chunk-ZYIVMBGD.js?v=5ab0d2ef:11644
[  435174ms] [ERROR] The current testing environment is not configured to support act(...) @ http://localhost:6006/node_modules/.cache/storybook/1c3385a5d25e538d10b518b310c74d3ca2690b6aaffeadccd74da79736171f86/sb-vite/deps/chunk-ZYIVMBGD.js?v=5ab0d2ef:11644
[  570574ms] [LOG] [vite] server connection lost. Polling for restart... @ http://localhost:6006/@vite/client:963
[  570629ms] [ERROR] WebSocket connection to 'ws://localhost:6006/' failed: Error in connection establishment: net::ERR_CONNECTION_REFUSED @ http://localhost:6006/@vite/client:1034
[  571641ms] [ERROR] WebSocket connection to 'ws://localhost:6006/' failed: Error in connection establishment: net::ERR_CONNECTION_REFUSED @ http://localhost:6006/@vite/client:1034
[  572643ms] [ERROR] WebSocket connection to 'ws://localhost:6006/' failed: Error in connection establishment: net::ERR_CONNECTION_REFUSED @ http://localhost:6006/@vite/client:1034
[  573646ms] [ERROR] WebSocket connection to 'ws://localhost:6006/' failed: Error in connection establishment: net::ERR_CONNECTION_REFUSED @ http://localhost:6006/@vite/client:1034
[  574648ms] [ERROR] WebSocket connection to 'ws://localhost:6006/' failed: Error in connection establishment: net::ERR_CONNECTION_REFUSED @ http://localhost:6006/@vite/client:1034
